blender
blinken
bluefish
cantor
chemtool
childsplay
dconf-editor
emacs
evince
freecad
frozen-bubble
gcompris
gdis
gedit
gedit-plugins
gimp
gist
git
glchess
gnome-chess
gnome-terminal
grass
gweled
inkscape
iptraf
jclic
kalgebra
kalzium
katomic
kbattleship
kblackbox
kbruch
kgeography
khangman
kig
kiten
klettres
klines
kmahjongg
kmplot
kopete
kpat
kstars
ktouch
ktuberling
kturtle
librecad
libreoffice
lmemory
mg
nload
ntpdate
pingus
python3
python3-dev
python3-pip
qgis
stellarium
sudo
trigger-rally
tuxmath
tuxpaint
vim
vlc
xboard
xgalaga
xmoto